This is pdfTeX, Version 3.14159265-2.6-1.40.21 (MiKTeX 2.9.7440 64-bit) (preloaded format=pdflatex 2020.5.29)  18 JUN 2020 14:32
entering extended mode
**C:/Users/alexh/OneDrive/Dokumente/Studium/isodistrreg/vignettes/IDR_arXiv_pre
print.tex

(C:/Users/alexh/OneDrive/Dokumente/Studium/isodistrreg/vignettes/IDR_arXiv_prep
rint.tex
LaTeX2e <2020-02-02> patch level 5
L3 programming layer <2020-05-15> ("C:\Users\alexh\AppData\Local\Programs\MiKTe
X 2.9\tex/latex/base\article.cls"
Document Class: article 2019/12/20 v1.4l Standard LaTeX document class
("C:\Users\alexh\AppData\Local\Programs\MiKTeX 2.9\tex/latex/base\size10.clo"
File: size10.clo 2019/12/20 v1.4l Standard LaTeX file (size option)
)
\c@part=\count167
\c@section=\count168
\c@subsection=\count169
\c@subsubsection=\count170
\c@paragraph=\count171
\c@subparagraph=\count172
\c@figure=\count173
\c@table=\count174
\abovecaptionskip=\skip47
\belowcaptionskip=\skip48
\bibindent=\dimen134
)
("C:\Users\alexh\AppData\Local\Programs\MiKTeX 2.9\tex/latex/pdfpages\pdfpages.
sty"
Package: pdfpages 2020/01/28 v0.5q Insert pages of external PDF documents (AM)
("C:\Users\alexh\AppData\Local\Programs\MiKTeX 2.9\tex/latex/base\ifthen.sty"
Package: ifthen 2014/09/29 v1.1c Standard LaTeX ifthen package (DPC)
) ("C:\Users\alexh\AppData\Local\Programs\MiKTeX 2.9\tex/latex/tools\calc.sty"
Package: calc 2017/05/25 v4.3 Infix arithmetic (KKT,FJ)
\calc@Acount=\count175
\calc@Bcount=\count176
\calc@Adimen=\dimen135
\calc@Bdimen=\dimen136
\calc@Askip=\skip49
\calc@Bskip=\skip50
LaTeX Info: Redefining \setlength on input line 80.
LaTeX Info: Redefining \addtolength on input line 81.
\calc@Ccount=\count177
\calc@Cskip=\skip51
)
("C:\Users\alexh\AppData\Local\Programs\MiKTeX 2.9\tex/latex/eso-pic\eso-pic.st
y"
Package: eso-pic 2018/04/12 v2.0h eso-pic (RN)

("C:\Users\alexh\AppData\Local\Programs\MiKTeX 2.9\tex/generic/atbegshi\atbegsh
i.sty"
Package: atbegshi 2019/12/05 v1.19 At begin shipout hook (HO)

("C:\Users\alexh\AppData\Local\Programs\MiKTeX 2.9\tex/generic/infwarerr\infwar
err.sty"
Package: infwarerr 2019/12/03 v1.5 Providing info/warning/error messages (HO)
)
("C:\Users\alexh\AppData\Local\Programs\MiKTeX 2.9\tex/generic/ltxcmds\ltxcmds.
sty"
Package: ltxcmds 2019/12/15 v1.24 LaTeX kernel commands for general use (HO)
) ("C:\Users\alexh\AppData\Local\Programs\MiKTeX 2.9\tex/generic/iftex\iftex.st
y"
Package: iftex 2020/03/06 v1.0d TeX engine tests
))
("C:\Users\alexh\AppData\Local\Programs\MiKTeX 2.9\tex/latex/graphics\keyval.st
y"
Package: keyval 2014/10/28 v1.15 key=value parser (DPC)
\KV@toks@=\toks15
) ("C:\Users\alexh\AppData\Local\Programs\MiKTeX 2.9\tex/latex/xcolor\xcolor.st
y"
Package: xcolor 2016/05/11 v2.12 LaTeX color extensions (UK)

("C:\Users\alexh\AppData\Local\Programs\MiKTeX 2.9\tex/latex/graphics-cfg\color
.cfg"
File: color.cfg 2016/01/02 v1.6 sample color configuration
)
Package xcolor Info: Driver file: pdftex.def on input line 225.

("C:\Users\alexh\AppData\Local\Programs\MiKTeX 2.9\tex/latex/graphics-def\pdfte
x.def"
File: pdftex.def 2018/01/08 v1.0l Graphics/color driver for pdftex
)
Package xcolor Info: Model `cmy' substituted by `cmy0' on input line 1348.
Package xcolor Info: Model `hsb' substituted by `rgb' on input line 1352.
Package xcolor Info: Model `RGB' extended on input line 1364.
Package xcolor Info: Model `HTML' substituted by `rgb' on input line 1366.
Package xcolor Info: Model `Hsb' substituted by `hsb' on input line 1367.
Package xcolor Info: Model `tHsb' substituted by `hsb' on input line 1368.
Package xcolor Info: Model `HSB' substituted by `hsb' on input line 1369.
Package xcolor Info: Model `Gray' substituted by `gray' on input line 1370.
Package xcolor Info: Model `wave' substituted by `hsb' on input line 1371.
))
("C:\Users\alexh\AppData\Local\Programs\MiKTeX 2.9\tex/latex/graphics\graphicx.
sty"
Package: graphicx 2019/11/30 v1.2a Enhanced LaTeX Graphics (DPC,SPQR)

("C:\Users\alexh\AppData\Local\Programs\MiKTeX 2.9\tex/latex/graphics\graphics.
sty"
Package: graphics 2019/11/30 v1.4a Standard LaTeX Graphics (DPC,SPQR)
("C:\Users\alexh\AppData\Local\Programs\MiKTeX 2.9\tex/latex/graphics\trig.sty"
Package: trig 2016/01/03 v1.10 sin cos tan (DPC)
)
("C:\Users\alexh\AppData\Local\Programs\MiKTeX 2.9\tex/latex/graphics-cfg\graph
ics.cfg"
File: graphics.cfg 2016/06/04 v1.11 sample graphics configuration
)
Package graphics Info: Driver file: pdftex.def on input line 105.
)
\Gin@req@height=\dimen137
\Gin@req@width=\dimen138
)
\AM@pagewidth=\dimen139
\AM@pageheight=\dimen140

("C:\Users\alexh\AppData\Local\Programs\MiKTeX 2.9\tex/latex/pdfpages\pppdftex.
def"
File: pppdftex.def 2020/01/28 v0.5q Pdfpages driver for pdfTeX (AM)
)
\AM@pagebox=\box45
\AM@global@opts=\toks16
\AM@pagecnt=\count178
\AM@toc@title=\toks17
\c@AM@survey=\count179
\AM@templatesizebox=\box46
) (C:/PROGRA~1/R/R-40~1.0/share/texmf/tex/latex\Sweave.sty
Package: Sweave 

("C:\Users\alexh\AppData\Local\Programs\MiKTeX 2.9\tex/latex/fancyvrb\fancyvrb.
sty"
Package: fancyvrb 2020/05/03 v3.6 verbatim text (tvz,hv)
\FV@CodeLineNo=\count180
\FV@InFile=\read2
\FV@TabBox=\box47
\c@FancyVerbLine=\count181
\FV@StepNumber=\count182
\FV@OutFile=\write3
) ("C:\Users\alexh\AppData\Local\Programs\MiKTeX 2.9\tex/latex/base\textcomp.st
y"
Package: textcomp 2020/02/02 v2.0n Standard LaTeX package
) ("C:\Users\alexh\AppData\Local\Programs\MiKTeX 2.9\tex/latex/base\fontenc.sty
"
Package: fontenc 2020/02/11 v2.0o Standard LaTeX package
) ("C:\Users\alexh\AppData\Local\Programs\MiKTeX 2.9\tex/latex/ae\ae.sty"
Package: ae 2001/02/12 1.3 Almost European Computer Modern
("C:\Users\alexh\AppData\Local\Programs\MiKTeX 2.9\tex/latex/base\fontenc.sty"
Package: fontenc 2020/02/11 v2.0o Standard LaTeX package
)))
("C:\Users\alexh\AppData\Local\Programs\MiKTeX 2.9\tex/latex/l3backend\l3backen
d-pdfmode.def"
File: l3backend-pdfmode.def 2020-05-05 L3 backend support: PDF mode
\l__kernel_color_stack_int=\count183
\l__pdf_internal_box=\box48
) (IDR_arXiv_preprint.aux)
\openout1 = `IDR_arXiv_preprint.aux'.

LaTeX Font Info:    Checking defaults for OML/cmm/m/it on input line 6.
LaTeX Font Info:    ... okay on input line 6.
LaTeX Font Info:    Checking defaults for OMS/cmsy/m/n on input line 6.
LaTeX Font Info:    ... okay on input line 6.
LaTeX Font Info:    Checking defaults for OT1/cmr/m/n on input line 6.
LaTeX Font Info:    ... okay on input line 6.
LaTeX Font Info:    Checking defaults for T1/cmr/m/n on input line 6.
LaTeX Font Info:    ... okay on input line 6.
LaTeX Font Info:    Checking defaults for TS1/cmr/m/n on input line 6.
LaTeX Font Info:    ... okay on input line 6.
LaTeX Font Info:    Checking defaults for OMX/cmex/m/n on input line 6.
LaTeX Font Info:    ... okay on input line 6.
LaTeX Font Info:    Checking defaults for U/cmr/m/n on input line 6.
LaTeX Font Info:    ... okay on input line 6.
LaTeX Font Info:    Trying to load font information for T1+aer on input line 6.

("C:\Users\alexh\AppData\Local\Programs\MiKTeX 2.9\tex/latex/ae\t1aer.fd"
File: t1aer.fd 1997/11/16 Font definitions for T1/aer.
)
\AtBeginShipoutBox=\box49

("C:\Users\alexh\AppData\Local\Programs\MiKTeX 2.9\tex/context/base/mkii\supp-p
df.mkii"
[Loading MPS to PDF converter (version 2006.09.02).]
\scratchcounter=\count184
\scratchdimen=\dimen141
\scratchbox=\box50
\nofMPsegments=\count185
\nofMParguments=\count186
\everyMPshowfont=\toks18
\MPscratchCnt=\count187
\MPscratchDim=\dimen142
\MPnumerator=\count188
\makeMPintoPDFobject=\count189
\everyMPtoPDFconversion=\toks19
)
("C:\Users\alexh\AppData\Local\Programs\MiKTeX 2.9\tex/latex/epstopdf-pkg\epsto
pdf-base.sty"
Package: epstopdf-base 2020-01-24 v2.11 Base part for package epstopdf
("C:\Users\alexh\AppData\Local\Programs\MiKTeX 2.9\tex/latex/grfext\grfext.sty"
Package: grfext 2019/12/03 v1.3 Manage graphics extensions (HO)

("C:\Users\alexh\AppData\Local\Programs\MiKTeX 2.9\tex/generic/kvdefinekeys\kvd
efinekeys.sty"
Package: kvdefinekeys 2019-12-19 v1.6 Define keys (HO)
))
("C:\Users\alexh\AppData\Local\Programs\MiKTeX 2.9\tex/latex/kvoptions\kvoption
s.sty"
Package: kvoptions 2019/11/29 v3.13 Key value format for package options (HO)

("C:\Users\alexh\AppData\Local\Programs\MiKTeX 2.9\tex/generic/kvsetkeys\kvsetk
eys.sty"
Package: kvsetkeys 2019/12/15 v1.18 Key value parser (HO)
))
("C:\Users\alexh\AppData\Local\Programs\MiKTeX 2.9\tex/latex/pdftexcmds\pdftexc
mds.sty"
Package: pdftexcmds 2019/11/24 v0.31 Utility functions of pdfTeX for LuaTeX (HO
)
Package pdftexcmds Info: \pdf@primitive is available.
Package pdftexcmds Info: \pdf@ifprimitive is available.
Package pdftexcmds Info: \pdfdraftmode found.
)
Package epstopdf-base Info: Redefining graphics rule for `.eps' on input line 4
85.
Package grfext Info: Graphics extension search list:
(grfext)             [.pdf,.png,.jpg,.mps,.jpeg,.jbig2,.jb2,.PDF,.PNG,.JPG,.JPE
G,.JBIG2,.JB2,.eps]
(grfext)             \AppendGraphicsExtensions on input line 504.
)
("C:\Users\alexh\AppData\Local\Programs\MiKTeX 2.9\tex/latex/pdflscape\pdflscap
e.sty"
Package: pdflscape 2019/12/05 v0.12 Display of landscape pages in PDF (HO)

("C:\Users\alexh\AppData\Local\Programs\MiKTeX 2.9\tex/latex/graphics\lscape.st
y"
Package: lscape 2000/10/22 v3.01 Landscape Pages (DPC)
)
Package pdflscape Info: Auto-detected driver: pdftex on input line 81.
)
<arXiv_preprint.pdf, id=1, 597.50829pt x 845.0471pt>
File: arXiv_preprint.pdf Graphic file (type pdf)
<use arXiv_preprint.pdf>
Package pdftex.def Info: arXiv_preprint.pdf  used on input line 7.
(pdftex.def)             Requested size: 276.00105pt x 390.33818pt.
File: arXiv_preprint.pdf Graphic file (type pdf)
<use arXiv_preprint.pdf>
Package pdftex.def Info: arXiv_preprint.pdf  used on input line 7.
(pdftex.def)             Requested size: 276.00105pt x 390.33818pt.
<arXiv_preprint.pdf, id=4, page=1, 597.50829pt x 845.0471pt>
File: arXiv_preprint.pdf Graphic file (type pdf)
<use arXiv_preprint.pdf, page 1>
Package pdftex.def Info: arXiv_preprint.pdf , page1 used on input line 7.
(pdftex.def)             Requested size: 597.50682pt x 845.04504pt.
File: arXiv_preprint.pdf Graphic file (type pdf)
<use arXiv_preprint.pdf, page 1>
Package pdftex.def Info: arXiv_preprint.pdf , page1 used on input line 7.
(pdftex.def)             Requested size: 597.53416pt x 845.08372pt.
File: arXiv_preprint.pdf Graphic file (type pdf)
<use arXiv_preprint.pdf, page 1>
Package pdftex.def Info: arXiv_preprint.pdf , page1 used on input line 7.
(pdftex.def)             Requested size: 597.53416pt x 845.08372pt.
File: arXiv_preprint.pdf Graphic file (type pdf)
<use arXiv_preprint.pdf, page 1>
Package pdftex.def Info: arXiv_preprint.pdf , page1 used on input line 7.
(pdftex.def)             Requested size: 597.53416pt x 845.08372pt.
File: arXiv_preprint.pdf Graphic file (type pdf)
<use arXiv_preprint.pdf, page 1>
Package pdftex.def Info: arXiv_preprint.pdf , page1 used on input line 7.
(pdftex.def)             Requested size: 597.53416pt x 845.08372pt.
[1

 <./arXiv_preprint.pdf{C:/Users/alexh/AppData/Local/MiKTeX/2.9/pdftex/config/pd
ftex.map}>]
<arXiv_preprint.pdf, id=46, page=2, 597.50829pt x 845.0471pt>
File: arXiv_preprint.pdf Graphic file (type pdf)
<use arXiv_preprint.pdf, page 2>
Package pdftex.def Info: arXiv_preprint.pdf , page2 used on input line 7.
(pdftex.def)             Requested size: 597.53416pt x 845.08372pt.
File: arXiv_preprint.pdf Graphic file (type pdf)
<use arXiv_preprint.pdf, page 2>
Package pdftex.def Info: arXiv_preprint.pdf , page2 used on input line 7.
(pdftex.def)             Requested size: 597.53416pt x 845.08372pt.
File: arXiv_preprint.pdf Graphic file (type pdf)
<use arXiv_preprint.pdf, page 2>
Package pdftex.def Info: arXiv_preprint.pdf , page2 used on input line 7.
(pdftex.def)             Requested size: 597.53416pt x 845.08372pt.
[2 <./arXiv_preprint.pdf>]
<arXiv_preprint.pdf, id=50, page=3, 597.50829pt x 845.0471pt>
File: arXiv_preprint.pdf Graphic file (type pdf)
<use arXiv_preprint.pdf, page 3>
Package pdftex.def Info: arXiv_preprint.pdf , page3 used on input line 7.
(pdftex.def)             Requested size: 597.53416pt x 845.08372pt.
File: arXiv_preprint.pdf Graphic file (type pdf)
<use arXiv_preprint.pdf, page 3>
Package pdftex.def Info: arXiv_preprint.pdf , page3 used on input line 7.
(pdftex.def)             Requested size: 597.53416pt x 845.08372pt.
File: arXiv_preprint.pdf Graphic file (type pdf)
<use arXiv_preprint.pdf, page 3>
Package pdftex.def Info: arXiv_preprint.pdf , page3 used on input line 7.
(pdftex.def)             Requested size: 597.53416pt x 845.08372pt.
[3 <./arXiv_preprint.pdf>]
<arXiv_preprint.pdf, id=84, page=4, 597.50829pt x 845.0471pt>
File: arXiv_preprint.pdf Graphic file (type pdf)
<use arXiv_preprint.pdf, page 4>
Package pdftex.def Info: arXiv_preprint.pdf , page4 used on input line 7.
(pdftex.def)             Requested size: 597.53416pt x 845.08372pt.
File: arXiv_preprint.pdf Graphic file (type pdf)
<use arXiv_preprint.pdf, page 4>
Package pdftex.def Info: arXiv_preprint.pdf , page4 used on input line 7.
(pdftex.def)             Requested size: 597.53416pt x 845.08372pt.
File: arXiv_preprint.pdf Graphic file (type pdf)
<use arXiv_preprint.pdf, page 4>
Package pdftex.def Info: arXiv_preprint.pdf , page4 used on input line 7.
(pdftex.def)             Requested size: 597.53416pt x 845.08372pt.
[4 <./arXiv_preprint.pdf>]
<arXiv_preprint.pdf, id=106, page=5, 597.50829pt x 845.0471pt>
File: arXiv_preprint.pdf Graphic file (type pdf)
<use arXiv_preprint.pdf, page 5>
Package pdftex.def Info: arXiv_preprint.pdf , page5 used on input line 7.
(pdftex.def)             Requested size: 597.53416pt x 845.08372pt.
File: arXiv_preprint.pdf Graphic file (type pdf)
<use arXiv_preprint.pdf, page 5>
Package pdftex.def Info: arXiv_preprint.pdf , page5 used on input line 7.
(pdftex.def)             Requested size: 597.53416pt x 845.08372pt.
File: arXiv_preprint.pdf Graphic file (type pdf)
<use arXiv_preprint.pdf, page 5>
Package pdftex.def Info: arXiv_preprint.pdf , page5 used on input line 7.
(pdftex.def)             Requested size: 597.53416pt x 845.08372pt.
[5 <./arXiv_preprint.pdf>]
<arXiv_preprint.pdf, id=110, page=6, 597.50829pt x 845.0471pt>
File: arXiv_preprint.pdf Graphic file (type pdf)
<use arXiv_preprint.pdf, page 6>
Package pdftex.def Info: arXiv_preprint.pdf , page6 used on input line 7.
(pdftex.def)             Requested size: 597.53416pt x 845.08372pt.
File: arXiv_preprint.pdf Graphic file (type pdf)
<use arXiv_preprint.pdf, page 6>
Package pdftex.def Info: arXiv_preprint.pdf , page6 used on input line 7.
(pdftex.def)             Requested size: 597.53416pt x 845.08372pt.
File: arXiv_preprint.pdf Graphic file (type pdf)
<use arXiv_preprint.pdf, page 6>
Package pdftex.def Info: arXiv_preprint.pdf , page6 used on input line 7.
(pdftex.def)             Requested size: 597.53416pt x 845.08372pt.
[6 <./arXiv_preprint.pdf>]
<arXiv_preprint.pdf, id=124, page=7, 597.50829pt x 845.0471pt>
File: arXiv_preprint.pdf Graphic file (type pdf)
<use arXiv_preprint.pdf, page 7>
Package pdftex.def Info: arXiv_preprint.pdf , page7 used on input line 7.
(pdftex.def)             Requested size: 597.53416pt x 845.08372pt.
File: arXiv_preprint.pdf Graphic file (type pdf)
<use arXiv_preprint.pdf, page 7>
Package pdftex.def Info: arXiv_preprint.pdf , page7 used on input line 7.
(pdftex.def)             Requested size: 597.53416pt x 845.08372pt.
File: arXiv_preprint.pdf Graphic file (type pdf)
<use arXiv_preprint.pdf, page 7>
Package pdftex.def Info: arXiv_preprint.pdf , page7 used on input line 7.
(pdftex.def)             Requested size: 597.53416pt x 845.08372pt.
[7 <./arXiv_preprint.pdf>]
<arXiv_preprint.pdf, id=129, page=8, 597.50829pt x 845.0471pt>
File: arXiv_preprint.pdf Graphic file (type pdf)
<use arXiv_preprint.pdf, page 8>
Package pdftex.def Info: arXiv_preprint.pdf , page8 used on input line 7.
(pdftex.def)             Requested size: 597.53416pt x 845.08372pt.
File: arXiv_preprint.pdf Graphic file (type pdf)
<use arXiv_preprint.pdf, page 8>
Package pdftex.def Info: arXiv_preprint.pdf , page8 used on input line 7.
(pdftex.def)             Requested size: 597.53416pt x 845.08372pt.
File: arXiv_preprint.pdf Graphic file (type pdf)
<use arXiv_preprint.pdf, page 8>
Package pdftex.def Info: arXiv_preprint.pdf , page8 used on input line 7.
(pdftex.def)             Requested size: 597.53416pt x 845.08372pt.
[8 <./arXiv_preprint.pdf>]
<arXiv_preprint.pdf, id=133, page=9, 597.50829pt x 845.0471pt>
File: arXiv_preprint.pdf Graphic file (type pdf)
<use arXiv_preprint.pdf, page 9>
Package pdftex.def Info: arXiv_preprint.pdf , page9 used on input line 7.
(pdftex.def)             Requested size: 597.53416pt x 845.08372pt.
File: arXiv_preprint.pdf Graphic file (type pdf)
<use arXiv_preprint.pdf, page 9>
Package pdftex.def Info: arXiv_preprint.pdf , page9 used on input line 7.
(pdftex.def)             Requested size: 597.53416pt x 845.08372pt.
File: arXiv_preprint.pdf Graphic file (type pdf)
<use arXiv_preprint.pdf, page 9>
Package pdftex.def Info: arXiv_preprint.pdf , page9 used on input line 7.
(pdftex.def)             Requested size: 597.53416pt x 845.08372pt.
[9 <./arXiv_preprint.pdf>]
<arXiv_preprint.pdf, id=137, page=10, 597.50829pt x 845.0471pt>
File: arXiv_preprint.pdf Graphic file (type pdf)
<use arXiv_preprint.pdf, page 10>
Package pdftex.def Info: arXiv_preprint.pdf , page10 used on input line 7.
(pdftex.def)             Requested size: 597.53416pt x 845.08372pt.
File: arXiv_preprint.pdf Graphic file (type pdf)
<use arXiv_preprint.pdf, page 10>
Package pdftex.def Info: arXiv_preprint.pdf , page10 used on input line 7.
(pdftex.def)             Requested size: 597.53416pt x 845.08372pt.
File: arXiv_preprint.pdf Graphic file (type pdf)
<use arXiv_preprint.pdf, page 10>
Package pdftex.def Info: arXiv_preprint.pdf , page10 used on input line 7.
(pdftex.def)             Requested size: 597.53416pt x 845.08372pt.
[10 <./arXiv_preprint.pdf>]
<arXiv_preprint.pdf, id=141, page=11, 597.50829pt x 845.0471pt>
File: arXiv_preprint.pdf Graphic file (type pdf)
<use arXiv_preprint.pdf, page 11>
Package pdftex.def Info: arXiv_preprint.pdf , page11 used on input line 7.
(pdftex.def)             Requested size: 597.53416pt x 845.08372pt.
File: arXiv_preprint.pdf Graphic file (type pdf)
<use arXiv_preprint.pdf, page 11>
Package pdftex.def Info: arXiv_preprint.pdf , page11 used on input line 7.
(pdftex.def)             Requested size: 597.53416pt x 845.08372pt.
File: arXiv_preprint.pdf Graphic file (type pdf)
<use arXiv_preprint.pdf, page 11>
Package pdftex.def Info: arXiv_preprint.pdf , page11 used on input line 7.
(pdftex.def)             Requested size: 597.53416pt x 845.08372pt.
[11 <./arXiv_preprint.pdf>]
<arXiv_preprint.pdf, id=145, page=12, 597.50829pt x 845.0471pt>
File: arXiv_preprint.pdf Graphic file (type pdf)
<use arXiv_preprint.pdf, page 12>
Package pdftex.def Info: arXiv_preprint.pdf , page12 used on input line 7.
(pdftex.def)             Requested size: 597.53416pt x 845.08372pt.
File: arXiv_preprint.pdf Graphic file (type pdf)
<use arXiv_preprint.pdf, page 12>
Package pdftex.def Info: arXiv_preprint.pdf , page12 used on input line 7.
(pdftex.def)             Requested size: 597.53416pt x 845.08372pt.
File: arXiv_preprint.pdf Graphic file (type pdf)
<use arXiv_preprint.pdf, page 12>
Package pdftex.def Info: arXiv_preprint.pdf , page12 used on input line 7.
(pdftex.def)             Requested size: 597.53416pt x 845.08372pt.
[12 <./arXiv_preprint.pdf>]
<arXiv_preprint.pdf, id=164, page=13, 597.50829pt x 845.0471pt>
File: arXiv_preprint.pdf Graphic file (type pdf)
<use arXiv_preprint.pdf, page 13>
Package pdftex.def Info: arXiv_preprint.pdf , page13 used on input line 7.
(pdftex.def)             Requested size: 597.53416pt x 845.08372pt.
File: arXiv_preprint.pdf Graphic file (type pdf)
<use arXiv_preprint.pdf, page 13>
Package pdftex.def Info: arXiv_preprint.pdf , page13 used on input line 7.
(pdftex.def)             Requested size: 597.53416pt x 845.08372pt.
File: arXiv_preprint.pdf Graphic file (type pdf)
<use arXiv_preprint.pdf, page 13>
Package pdftex.def Info: arXiv_preprint.pdf , page13 used on input line 7.
(pdftex.def)             Requested size: 597.53416pt x 845.08372pt.
[13 <./arXiv_preprint.pdf>]
<arXiv_preprint.pdf, id=175, page=14, 597.50829pt x 845.0471pt>
File: arXiv_preprint.pdf Graphic file (type pdf)
<use arXiv_preprint.pdf, page 14>
Package pdftex.def Info: arXiv_preprint.pdf , page14 used on input line 7.
(pdftex.def)             Requested size: 597.53416pt x 845.08372pt.
File: arXiv_preprint.pdf Graphic file (type pdf)
<use arXiv_preprint.pdf, page 14>
Package pdftex.def Info: arXiv_preprint.pdf , page14 used on input line 7.
(pdftex.def)             Requested size: 597.53416pt x 845.08372pt.
File: arXiv_preprint.pdf Graphic file (type pdf)
<use arXiv_preprint.pdf, page 14>
Package pdftex.def Info: arXiv_preprint.pdf , page14 used on input line 7.
(pdftex.def)             Requested size: 597.53416pt x 845.08372pt.
[14 <./arXiv_preprint.pdf>]
<arXiv_preprint.pdf, id=179, page=15, 597.50829pt x 845.0471pt>
File: arXiv_preprint.pdf Graphic file (type pdf)
<use arXiv_preprint.pdf, page 15>
Package pdftex.def Info: arXiv_preprint.pdf , page15 used on input line 7.
(pdftex.def)             Requested size: 597.53416pt x 845.08372pt.
File: arXiv_preprint.pdf Graphic file (type pdf)
<use arXiv_preprint.pdf, page 15>
Package pdftex.def Info: arXiv_preprint.pdf , page15 used on input line 7.
(pdftex.def)             Requested size: 597.53416pt x 845.08372pt.
File: arXiv_preprint.pdf Graphic file (type pdf)
<use arXiv_preprint.pdf, page 15>
Package pdftex.def Info: arXiv_preprint.pdf , page15 used on input line 7.
(pdftex.def)             Requested size: 597.53416pt x 845.08372pt.
[15 <./arXiv_preprint.pdf>]
<arXiv_preprint.pdf, id=183, page=16, 597.50829pt x 845.0471pt>
File: arXiv_preprint.pdf Graphic file (type pdf)
<use arXiv_preprint.pdf, page 16>
Package pdftex.def Info: arXiv_preprint.pdf , page16 used on input line 7.
(pdftex.def)             Requested size: 597.53416pt x 845.08372pt.
File: arXiv_preprint.pdf Graphic file (type pdf)
<use arXiv_preprint.pdf, page 16>
Package pdftex.def Info: arXiv_preprint.pdf , page16 used on input line 7.
(pdftex.def)             Requested size: 597.53416pt x 845.08372pt.
File: arXiv_preprint.pdf Graphic file (type pdf)
<use arXiv_preprint.pdf, page 16>
Package pdftex.def Info: arXiv_preprint.pdf , page16 used on input line 7.
(pdftex.def)             Requested size: 597.53416pt x 845.08372pt.
[16 <./arXiv_preprint.pdf>]
<arXiv_preprint.pdf, id=196, page=17, 597.50829pt x 845.0471pt>
File: arXiv_preprint.pdf Graphic file (type pdf)
<use arXiv_preprint.pdf, page 17>
Package pdftex.def Info: arXiv_preprint.pdf , page17 used on input line 7.
(pdftex.def)             Requested size: 597.53416pt x 845.08372pt.
File: arXiv_preprint.pdf Graphic file (type pdf)
<use arXiv_preprint.pdf, page 17>
Package pdftex.def Info: arXiv_preprint.pdf , page17 used on input line 7.
(pdftex.def)             Requested size: 597.53416pt x 845.08372pt.
File: arXiv_preprint.pdf Graphic file (type pdf)
<use arXiv_preprint.pdf, page 17>
Package pdftex.def Info: arXiv_preprint.pdf , page17 used on input line 7.
(pdftex.def)             Requested size: 597.53416pt x 845.08372pt.
[17 <./arXiv_preprint.pdf>]
<arXiv_preprint.pdf, id=200, page=18, 597.50829pt x 845.0471pt>
File: arXiv_preprint.pdf Graphic file (type pdf)
<use arXiv_preprint.pdf, page 18>
Package pdftex.def Info: arXiv_preprint.pdf , page18 used on input line 7.
(pdftex.def)             Requested size: 597.53416pt x 845.08372pt.
File: arXiv_preprint.pdf Graphic file (type pdf)
<use arXiv_preprint.pdf, page 18>
Package pdftex.def Info: arXiv_preprint.pdf , page18 used on input line 7.
(pdftex.def)             Requested size: 597.53416pt x 845.08372pt.
File: arXiv_preprint.pdf Graphic file (type pdf)
<use arXiv_preprint.pdf, page 18>
Package pdftex.def Info: arXiv_preprint.pdf , page18 used on input line 7.
(pdftex.def)             Requested size: 597.53416pt x 845.08372pt.
[18 <./arXiv_preprint.pdf>]
<arXiv_preprint.pdf, id=204, page=19, 597.50829pt x 845.0471pt>
File: arXiv_preprint.pdf Graphic file (type pdf)
<use arXiv_preprint.pdf, page 19>
Package pdftex.def Info: arXiv_preprint.pdf , page19 used on input line 7.
(pdftex.def)             Requested size: 597.53416pt x 845.08372pt.
File: arXiv_preprint.pdf Graphic file (type pdf)
<use arXiv_preprint.pdf, page 19>
Package pdftex.def Info: arXiv_preprint.pdf , page19 used on input line 7.
(pdftex.def)             Requested size: 597.53416pt x 845.08372pt.
File: arXiv_preprint.pdf Graphic file (type pdf)
<use arXiv_preprint.pdf, page 19>
Package pdftex.def Info: arXiv_preprint.pdf , page19 used on input line 7.
(pdftex.def)             Requested size: 597.53416pt x 845.08372pt.
[19 <./arXiv_preprint.pdf>]
<arXiv_preprint.pdf, id=214, page=20, 597.50829pt x 845.0471pt>
File: arXiv_preprint.pdf Graphic file (type pdf)
<use arXiv_preprint.pdf, page 20>
Package pdftex.def Info: arXiv_preprint.pdf , page20 used on input line 7.
(pdftex.def)             Requested size: 597.53416pt x 845.08372pt.
File: arXiv_preprint.pdf Graphic file (type pdf)
<use arXiv_preprint.pdf, page 20>
Package pdftex.def Info: arXiv_preprint.pdf , page20 used on input line 7.
(pdftex.def)             Requested size: 597.53416pt x 845.08372pt.
File: arXiv_preprint.pdf Graphic file (type pdf)
<use arXiv_preprint.pdf, page 20>
Package pdftex.def Info: arXiv_preprint.pdf , page20 used on input line 7.
(pdftex.def)             Requested size: 597.53416pt x 845.08372pt.
[20 <./arXiv_preprint.pdf>]
<arXiv_preprint.pdf, id=218, page=21, 597.50829pt x 845.0471pt>
File: arXiv_preprint.pdf Graphic file (type pdf)
<use arXiv_preprint.pdf, page 21>
Package pdftex.def Info: arXiv_preprint.pdf , page21 used on input line 7.
(pdftex.def)             Requested size: 597.53416pt x 845.08372pt.
File: arXiv_preprint.pdf Graphic file (type pdf)
<use arXiv_preprint.pdf, page 21>
Package pdftex.def Info: arXiv_preprint.pdf , page21 used on input line 7.
(pdftex.def)             Requested size: 597.53416pt x 845.08372pt.
File: arXiv_preprint.pdf Graphic file (type pdf)
<use arXiv_preprint.pdf, page 21>
Package pdftex.def Info: arXiv_preprint.pdf , page21 used on input line 7.
(pdftex.def)             Requested size: 597.53416pt x 845.08372pt.
[21 <./arXiv_preprint.pdf>]
<arXiv_preprint.pdf, id=222, page=22, 597.50829pt x 845.0471pt>
File: arXiv_preprint.pdf Graphic file (type pdf)
<use arXiv_preprint.pdf, page 22>
Package pdftex.def Info: arXiv_preprint.pdf , page22 used on input line 7.
(pdftex.def)             Requested size: 597.53416pt x 845.08372pt.
File: arXiv_preprint.pdf Graphic file (type pdf)
<use arXiv_preprint.pdf, page 22>
Package pdftex.def Info: arXiv_preprint.pdf , page22 used on input line 7.
(pdftex.def)             Requested size: 597.53416pt x 845.08372pt.
File: arXiv_preprint.pdf Graphic file (type pdf)
<use arXiv_preprint.pdf, page 22>
Package pdftex.def Info: arXiv_preprint.pdf , page22 used on input line 7.
(pdftex.def)             Requested size: 597.53416pt x 845.08372pt.
[22 <./arXiv_preprint.pdf>]
<arXiv_preprint.pdf, id=236, page=23, 597.50829pt x 845.0471pt>
File: arXiv_preprint.pdf Graphic file (type pdf)
<use arXiv_preprint.pdf, page 23>
Package pdftex.def Info: arXiv_preprint.pdf , page23 used on input line 7.
(pdftex.def)             Requested size: 597.53416pt x 845.08372pt.
File: arXiv_preprint.pdf Graphic file (type pdf)
<use arXiv_preprint.pdf, page 23>
Package pdftex.def Info: arXiv_preprint.pdf , page23 used on input line 7.
(pdftex.def)             Requested size: 597.53416pt x 845.08372pt.
File: arXiv_preprint.pdf Graphic file (type pdf)
<use arXiv_preprint.pdf, page 23>
Package pdftex.def Info: arXiv_preprint.pdf , page23 used on input line 7.
(pdftex.def)             Requested size: 597.53416pt x 845.08372pt.
[23 <./arXiv_preprint.pdf>]
<arXiv_preprint.pdf, id=246, page=24, 597.50829pt x 845.0471pt>
File: arXiv_preprint.pdf Graphic file (type pdf)
<use arXiv_preprint.pdf, page 24>
Package pdftex.def Info: arXiv_preprint.pdf , page24 used on input line 7.
(pdftex.def)             Requested size: 597.53416pt x 845.08372pt.
File: arXiv_preprint.pdf Graphic file (type pdf)
<use arXiv_preprint.pdf, page 24>
Package pdftex.def Info: arXiv_preprint.pdf , page24 used on input line 7.
(pdftex.def)             Requested size: 597.53416pt x 845.08372pt.
File: arXiv_preprint.pdf Graphic file (type pdf)
<use arXiv_preprint.pdf, page 24>
Package pdftex.def Info: arXiv_preprint.pdf , page24 used on input line 7.
(pdftex.def)             Requested size: 597.53416pt x 845.08372pt.
[24 <./arXiv_preprint.pdf>]
<arXiv_preprint.pdf, id=256, page=25, 597.50829pt x 845.0471pt>
File: arXiv_preprint.pdf Graphic file (type pdf)
<use arXiv_preprint.pdf, page 25>
Package pdftex.def Info: arXiv_preprint.pdf , page25 used on input line 7.
(pdftex.def)             Requested size: 597.53416pt x 845.08372pt.
File: arXiv_preprint.pdf Graphic file (type pdf)
<use arXiv_preprint.pdf, page 25>
Package pdftex.def Info: arXiv_preprint.pdf , page25 used on input line 7.
(pdftex.def)             Requested size: 597.53416pt x 845.08372pt.
File: arXiv_preprint.pdf Graphic file (type pdf)
<use arXiv_preprint.pdf, page 25>
Package pdftex.def Info: arXiv_preprint.pdf , page25 used on input line 7.
(pdftex.def)             Requested size: 597.53416pt x 845.08372pt.
[25 <./arXiv_preprint.pdf>]
<arXiv_preprint.pdf, id=261, page=26, 597.50829pt x 845.0471pt>
File: arXiv_preprint.pdf Graphic file (type pdf)
<use arXiv_preprint.pdf, page 26>
Package pdftex.def Info: arXiv_preprint.pdf , page26 used on input line 7.
(pdftex.def)             Requested size: 597.53416pt x 845.08372pt.
File: arXiv_preprint.pdf Graphic file (type pdf)
<use arXiv_preprint.pdf, page 26>
Package pdftex.def Info: arXiv_preprint.pdf , page26 used on input line 7.
(pdftex.def)             Requested size: 597.53416pt x 845.08372pt.
File: arXiv_preprint.pdf Graphic file (type pdf)
<use arXiv_preprint.pdf, page 26>
Package pdftex.def Info: arXiv_preprint.pdf , page26 used on input line 7.
(pdftex.def)             Requested size: 597.53416pt x 845.08372pt.
[26 <./arXiv_preprint.pdf>]
<arXiv_preprint.pdf, id=272, page=27, 597.50829pt x 845.0471pt>
File: arXiv_preprint.pdf Graphic file (type pdf)
<use arXiv_preprint.pdf, page 27>
Package pdftex.def Info: arXiv_preprint.pdf , page27 used on input line 7.
(pdftex.def)             Requested size: 597.53416pt x 845.08372pt.
File: arXiv_preprint.pdf Graphic file (type pdf)
<use arXiv_preprint.pdf, page 27>
Package pdftex.def Info: arXiv_preprint.pdf , page27 used on input line 7.
(pdftex.def)             Requested size: 597.53416pt x 845.08372pt.
File: arXiv_preprint.pdf Graphic file (type pdf)
<use arXiv_preprint.pdf, page 27>
Package pdftex.def Info: arXiv_preprint.pdf , page27 used on input line 7.
(pdftex.def)             Requested size: 597.53416pt x 845.08372pt.
[27 <./arXiv_preprint.pdf>]
<arXiv_preprint.pdf, id=282, page=28, 597.50829pt x 845.0471pt>
File: arXiv_preprint.pdf Graphic file (type pdf)
<use arXiv_preprint.pdf, page 28>
Package pdftex.def Info: arXiv_preprint.pdf , page28 used on input line 7.
(pdftex.def)             Requested size: 597.53416pt x 845.08372pt.
File: arXiv_preprint.pdf Graphic file (type pdf)
<use arXiv_preprint.pdf, page 28>
Package pdftex.def Info: arXiv_preprint.pdf , page28 used on input line 7.
(pdftex.def)             Requested size: 597.53416pt x 845.08372pt.
File: arXiv_preprint.pdf Graphic file (type pdf)
<use arXiv_preprint.pdf, page 28>
Package pdftex.def Info: arXiv_preprint.pdf , page28 used on input line 7.
(pdftex.def)             Requested size: 597.53416pt x 845.08372pt.
[28 <./arXiv_preprint.pdf>]
<arXiv_preprint.pdf, id=286, page=29, 597.50829pt x 845.0471pt>
File: arXiv_preprint.pdf Graphic file (type pdf)
<use arXiv_preprint.pdf, page 29>
Package pdftex.def Info: arXiv_preprint.pdf , page29 used on input line 7.
(pdftex.def)             Requested size: 597.53416pt x 845.08372pt.
File: arXiv_preprint.pdf Graphic file (type pdf)
<use arXiv_preprint.pdf, page 29>
Package pdftex.def Info: arXiv_preprint.pdf , page29 used on input line 7.
(pdftex.def)             Requested size: 597.53416pt x 845.08372pt.
File: arXiv_preprint.pdf Graphic file (type pdf)
<use arXiv_preprint.pdf, page 29>
Package pdftex.def Info: arXiv_preprint.pdf , page29 used on input line 7.
(pdftex.def)             Requested size: 597.53416pt x 845.08372pt.
[29 <./arXiv_preprint.pdf>]
<arXiv_preprint.pdf, id=290, page=30, 597.50829pt x 845.0471pt>
File: arXiv_preprint.pdf Graphic file (type pdf)
<use arXiv_preprint.pdf, page 30>
Package pdftex.def Info: arXiv_preprint.pdf , page30 used on input line 7.
(pdftex.def)             Requested size: 597.53416pt x 845.08372pt.
File: arXiv_preprint.pdf Graphic file (type pdf)
<use arXiv_preprint.pdf, page 30>
Package pdftex.def Info: arXiv_preprint.pdf , page30 used on input line 7.
(pdftex.def)             Requested size: 597.53416pt x 845.08372pt.
File: arXiv_preprint.pdf Graphic file (type pdf)
<use arXiv_preprint.pdf, page 30>
Package pdftex.def Info: arXiv_preprint.pdf , page30 used on input line 7.
(pdftex.def)             Requested size: 597.53416pt x 845.08372pt.
[30 <./arXiv_preprint.pdf>]
<arXiv_preprint.pdf, id=294, page=31, 597.50829pt x 845.0471pt>
File: arXiv_preprint.pdf Graphic file (type pdf)
<use arXiv_preprint.pdf, page 31>
Package pdftex.def Info: arXiv_preprint.pdf , page31 used on input line 7.
(pdftex.def)             Requested size: 597.53416pt x 845.08372pt.
File: arXiv_preprint.pdf Graphic file (type pdf)
<use arXiv_preprint.pdf, page 31>
Package pdftex.def Info: arXiv_preprint.pdf , page31 used on input line 7.
(pdftex.def)             Requested size: 597.53416pt x 845.08372pt.
File: arXiv_preprint.pdf Graphic file (type pdf)
<use arXiv_preprint.pdf, page 31>
Package pdftex.def Info: arXiv_preprint.pdf , page31 used on input line 7.
(pdftex.def)             Requested size: 597.53416pt x 845.08372pt.
[31 <./arXiv_preprint.pdf>]
<arXiv_preprint.pdf, id=299, page=32, 597.50829pt x 845.0471pt>
File: arXiv_preprint.pdf Graphic file (type pdf)
<use arXiv_preprint.pdf, page 32>
Package pdftex.def Info: arXiv_preprint.pdf , page32 used on input line 7.
(pdftex.def)             Requested size: 597.53416pt x 845.08372pt.
File: arXiv_preprint.pdf Graphic file (type pdf)
<use arXiv_preprint.pdf, page 32>
Package pdftex.def Info: arXiv_preprint.pdf , page32 used on input line 7.
(pdftex.def)             Requested size: 597.53416pt x 845.08372pt.
File: arXiv_preprint.pdf Graphic file (type pdf)
<use arXiv_preprint.pdf, page 32>
Package pdftex.def Info: arXiv_preprint.pdf , page32 used on input line 7.
(pdftex.def)             Requested size: 597.53416pt x 845.08372pt.
[32 <./arXiv_preprint.pdf>]
<arXiv_preprint.pdf, id=303, page=33, 597.50829pt x 845.0471pt>
File: arXiv_preprint.pdf Graphic file (type pdf)
<use arXiv_preprint.pdf, page 33>
Package pdftex.def Info: arXiv_preprint.pdf , page33 used on input line 7.
(pdftex.def)             Requested size: 597.53416pt x 845.08372pt.
File: arXiv_preprint.pdf Graphic file (type pdf)
<use arXiv_preprint.pdf, page 33>
Package pdftex.def Info: arXiv_preprint.pdf , page33 used on input line 7.
(pdftex.def)             Requested size: 597.53416pt x 845.08372pt.
File: arXiv_preprint.pdf Graphic file (type pdf)
<use arXiv_preprint.pdf, page 33>
Package pdftex.def Info: arXiv_preprint.pdf , page33 used on input line 7.
(pdftex.def)             Requested size: 597.53416pt x 845.08372pt.
[33 <./arXiv_preprint.pdf>]
<arXiv_preprint.pdf, id=307, page=34, 597.50829pt x 845.0471pt>
File: arXiv_preprint.pdf Graphic file (type pdf)
<use arXiv_preprint.pdf, page 34>
Package pdftex.def Info: arXiv_preprint.pdf , page34 used on input line 7.
(pdftex.def)             Requested size: 597.53416pt x 845.08372pt.
File: arXiv_preprint.pdf Graphic file (type pdf)
<use arXiv_preprint.pdf, page 34>
Package pdftex.def Info: arXiv_preprint.pdf , page34 used on input line 7.
(pdftex.def)             Requested size: 597.53416pt x 845.08372pt.
File: arXiv_preprint.pdf Graphic file (type pdf)
<use arXiv_preprint.pdf, page 34>
Package pdftex.def Info: arXiv_preprint.pdf , page34 used on input line 7.
(pdftex.def)             Requested size: 597.53416pt x 845.08372pt.
[34 <./arXiv_preprint.pdf>]
<arXiv_preprint.pdf, id=311, page=35, 597.50829pt x 845.0471pt>
File: arXiv_preprint.pdf Graphic file (type pdf)
<use arXiv_preprint.pdf, page 35>
Package pdftex.def Info: arXiv_preprint.pdf , page35 used on input line 7.
(pdftex.def)             Requested size: 597.53416pt x 845.08372pt.
File: arXiv_preprint.pdf Graphic file (type pdf)
<use arXiv_preprint.pdf, page 35>
Package pdftex.def Info: arXiv_preprint.pdf , page35 used on input line 7.
(pdftex.def)             Requested size: 597.53416pt x 845.08372pt.
File: arXiv_preprint.pdf Graphic file (type pdf)
<use arXiv_preprint.pdf, page 35>
Package pdftex.def Info: arXiv_preprint.pdf , page35 used on input line 7.
(pdftex.def)             Requested size: 597.53416pt x 845.08372pt.
[35 <./arXiv_preprint.pdf>]
<arXiv_preprint.pdf, id=315, page=36, 597.50829pt x 845.0471pt>
File: arXiv_preprint.pdf Graphic file (type pdf)
<use arXiv_preprint.pdf, page 36>
Package pdftex.def Info: arXiv_preprint.pdf , page36 used on input line 7.
(pdftex.def)             Requested size: 597.53416pt x 845.08372pt.
File: arXiv_preprint.pdf Graphic file (type pdf)
<use arXiv_preprint.pdf, page 36>
Package pdftex.def Info: arXiv_preprint.pdf , page36 used on input line 7.
(pdftex.def)             Requested size: 597.53416pt x 845.08372pt.
File: arXiv_preprint.pdf Graphic file (type pdf)
<use arXiv_preprint.pdf, page 36>
Package pdftex.def Info: arXiv_preprint.pdf , page36 used on input line 7.
(pdftex.def)             Requested size: 597.53416pt x 845.08372pt.
[36 <./arXiv_preprint.pdf>]
<arXiv_preprint.pdf, id=319, page=37, 597.50829pt x 845.0471pt>
File: arXiv_preprint.pdf Graphic file (type pdf)
<use arXiv_preprint.pdf, page 37>
Package pdftex.def Info: arXiv_preprint.pdf , page37 used on input line 7.
(pdftex.def)             Requested size: 597.53416pt x 845.08372pt.
File: arXiv_preprint.pdf Graphic file (type pdf)
<use arXiv_preprint.pdf, page 37>
Package pdftex.def Info: arXiv_preprint.pdf , page37 used on input line 7.
(pdftex.def)             Requested size: 597.53416pt x 845.08372pt.
File: arXiv_preprint.pdf Graphic file (type pdf)
<use arXiv_preprint.pdf, page 37>
Package pdftex.def Info: arXiv_preprint.pdf , page37 used on input line 7.
(pdftex.def)             Requested size: 597.53416pt x 845.08372pt.
[37 <./arXiv_preprint.pdf>]
<arXiv_preprint.pdf, id=324, page=38, 597.50829pt x 845.0471pt>
File: arXiv_preprint.pdf Graphic file (type pdf)
<use arXiv_preprint.pdf, page 38>
Package pdftex.def Info: arXiv_preprint.pdf , page38 used on input line 7.
(pdftex.def)             Requested size: 597.53416pt x 845.08372pt.
File: arXiv_preprint.pdf Graphic file (type pdf)
<use arXiv_preprint.pdf, page 38>
Package pdftex.def Info: arXiv_preprint.pdf , page38 used on input line 7.
(pdftex.def)             Requested size: 597.53416pt x 845.08372pt.
File: arXiv_preprint.pdf Graphic file (type pdf)
<use arXiv_preprint.pdf, page 38>
Package pdftex.def Info: arXiv_preprint.pdf , page38 used on input line 7.
(pdftex.def)             Requested size: 597.53416pt x 845.08372pt.
[38 <./arXiv_preprint.pdf>]
<arXiv_preprint.pdf, id=328, page=39, 597.50829pt x 845.0471pt>
File: arXiv_preprint.pdf Graphic file (type pdf)
<use arXiv_preprint.pdf, page 39>
Package pdftex.def Info: arXiv_preprint.pdf , page39 used on input line 7.
(pdftex.def)             Requested size: 597.53416pt x 845.08372pt.
File: arXiv_preprint.pdf Graphic file (type pdf)
<use arXiv_preprint.pdf, page 39>
Package pdftex.def Info: arXiv_preprint.pdf , page39 used on input line 7.
(pdftex.def)             Requested size: 597.53416pt x 845.08372pt.
File: arXiv_preprint.pdf Graphic file (type pdf)
<use arXiv_preprint.pdf, page 39>
Package pdftex.def Info: arXiv_preprint.pdf , page39 used on input line 7.
(pdftex.def)             Requested size: 597.53416pt x 845.08372pt.
[39 <./arXiv_preprint.pdf>] (IDR_arXiv_preprint.aux) ) 
Here is how much of TeX's memory you used:
 3746 strings out of 480761
 59615 string characters out of 2893975
 294959 words of memory out of 3000000
 19723 multiletter control sequences out of 15000+200000
 534596 words of font info for 26 fonts, out of 3000000 for 9000
 1141 hyphenation exceptions out of 8191
 40i,18n,46p,313b,437s stack positions out of 5000i,500n,10000p,200000b,50000s
<C:/Users/alexh/AppData/L
ocal/Programs/MiKTeX 2.9/fonts/type1/public/amsfonts/cm/cmbx10.pfb><C:/Users/al
exh/AppData/Local/Programs/MiKTeX 2.9/fonts/type1/public/amsfonts/cm/cmbx12.pfb
><C:/Users/alexh/AppData/Local/Programs/MiKTeX 2.9/fonts/type1/public/amsfonts/
cm/cmex10.pfb><C:/Users/alexh/AppData/Local/Programs/MiKTeX 2.9/fonts/type1/pub
lic/amsfonts/cm/cmmi10.pfb><C:/Users/alexh/AppData/Local/Programs/MiKTeX 2.9/fo
nts/type1/public/amsfonts/cm/cmmi6.pfb><C:/Users/alexh/AppData/Local/Programs/M
iKTeX 2.9/fonts/type1/public/amsfonts/cm/cmmi8.pfb><C:/Users/alexh/AppData/Loca
l/Programs/MiKTeX 2.9/fonts/type1/public/amsfonts/cm/cmr10.pfb><C:/Users/alexh/
AppData/Local/Programs/MiKTeX 2.9/fonts/type1/public/amsfonts/cm/cmr12.pfb><C:/
Users/alexh/AppData/Local/Programs/MiKTeX 2.9/fonts/type1/public/amsfonts/cm/cm
r17.pfb><C:/Users/alexh/AppData/Local/Programs/MiKTeX 2.9/fonts/type1/public/am
sfonts/cm/cmr6.pfb><C:/Users/alexh/AppData/Local/Programs/MiKTeX 2.9/fonts/type
1/public/amsfonts/cm/cmr8.pfb><C:/Users/alexh/AppData/Local/Programs/MiKTeX 2.9
/fonts/type1/public/amsfonts/cm/cmss10.pfb><C:/Users/alexh/AppData/Local/Progra
ms/MiKTeX 2.9/fonts/type1/public/amsfonts/cm/cmsy10.pfb><C:/Users/alexh/AppData
/Local/Programs/MiKTeX 2.9/fonts/type1/public/amsfonts/cm/cmsy6.pfb><C:/Users/a
lexh/AppData/Local/Programs/MiKTeX 2.9/fonts/type1/public/amsfonts/cm/cmsy8.pfb
><C:/Users/alexh/AppData/Local/Programs/MiKTeX 2.9/fonts/type1/public/amsfonts/
cm/cmti10.pfb><C:/Users/alexh/AppData/Local/Programs/MiKTeX 2.9/fonts/type1/pub
lic/amsfonts/cm/cmtt10.pfb><C:/Users/alexh/AppData/Local/Programs/MiKTeX 2.9/fo
nts/type1/public/amsfonts/symbols/msbm10.pfb>
Output written on IDR_arXiv_preprint.pdf (39 pages, 859173 bytes).
PDF statistics:
 354 PDF objects out of 1000 (max. 8388607)
 0 named destinations out of 1000 (max. 500000)
 211 words of extra memory for PDF output out of 10000 (max. 10000000)

